# JRE version: OpenJDK Runtime Environment (8.0_152-b01) (build 1.8.0_152-release-1024-b01)
# Java VM: OpenJDK 64-Bit Server VM (25.152-b01 mixed mode linux-amd64 compressed oops)
Heap:
 PSYoungGen      total 425472K, used 0K [0x00000000e0000000, 0x0000000100000000, 0x0000000100000000)
  eden space 329216K, 0% used [0x00000000e0000000,0x00000000e0000000,0x00000000f4180000)
  from space 96256K, 0% used [0x00000000f9a80000,0x00000000f9a80000,0x00000000ff880000)
  to   space 91136K, 0% used [0x00000000f4180000,0x00000000f4180000,0x00000000f9a80000)
 ParOldGen       total 446464K, used 430960K [0x00000000a0000000, 0x00000000bb400000, 0x00000000e0000000)
  object space 446464K, 96% used [0x00000000a0000000,0x00000000ba4dc2d0,0x00000000bb400000)
 Metaspace       used 81936K, capacity 86446K, committed 87384K, reserved 1124352K
  class space    used 10434K, capacity 11524K, committed 11648K, reserved 1048576K
GC Heap History (10 events):
Event: 122.839 GC heap after
Heap after GC invocations=61 (full 5):
 PSYoungGen      total 422400K, used 64797K [0x00000000e0000000, 0x0000000100000000, 0x0000000100000000)
  eden space 329728K, 0% used [0x00000000e0000000,0x00000000e0000000,0x00000000f4200000)
  from space 92672K, 69% used [0x00000000fa580000,0x00000000fe4c7568,0x0000000100000000)
  to   space 97280K, 0% used [0x00000000f4200000,0x00000000f4200000,0x00000000fa100000)
 ParOldGen       total 446464K, used 399307K [0x00000000a0000000, 0x00000000bb400000, 0x00000000e0000000)
  object space 446464K, 89% used [0x00000000a0000000,0x00000000b85f2cc8,0x00000000bb400000)
 Metaspace       used 82797K, capacity 87374K, committed 87384K, reserved 1124352K
  class space    used 10536K, capacity 11638K, committed 11648K, reserved 1048576K
}
Event: 124.599 GC heap before
{Heap before GC invocations=62 (full 5):
 PSYoungGen      total 422400K, used 394525K [0x00000000e0000000, 0x0000000100000000, 0x0000000100000000)
  eden space 329728K, 100% used [0x00000000e0000000,0x00000000f4200000,0x00000000f4200000)
  from space 92672K, 69% used [0x00000000fa580000,0x00000000fe4c7568,0x0000000100000000)
  to   space 97280K, 0% used [0x00000000f4200000,0x00000000f4200000,0x00000000fa100000)
 ParOldGen       total 446464K, used 399307K [0x00000000a0000000, 0x00000000bb400000, 0x00000000e0000000)
  object space 446464K, 89% used [0x00000000a0000000,0x00000000b85f2cc8,0x00000000bb400000)
 Metaspace       used 82798K, capacity 87374K, committed 87384K, reserved 1124352K
  class space    used 10536K, capacity 11638K, committed 11648K, reserved 1048576K
Event: 124.751 GC heap after
Heap after GC invocations=62 (full 5):
 PSYoungGen      total 394752K, used 64728K [0x00000000e0000000, 0x0000000100000000, 0x0000000100000000)
  eden space 329728K, 0% used [0x00000000e0000000,0x00000000e0000000,0x00000000f4200000)
  from space 65024K, 99% used [0x00000000f4200000,0x00000000f8136148,0x00000000f8180000)
  to   space 100864K, 0% used [0x00000000f9d80000,0x00000000f9d80000,0x0000000100000000)
 ParOldGen       total 446464K, used 405811K [0x00000000a0000000, 0x00000000bb400000, 0x00000000e0000000)
  object space 446464K, 90% used [0x00000000a0000000,0x00000000b8c4cd68,0x00000000bb400000)
 Metaspace       used 82798K, capacity 87374K, committed 87384K, reserved 1124352K
  class space    used 10536K, capacity 11638K, committed 11648K, reserved 1048576K
}
Event: 126.165 GC heap before
{Heap before GC invocations=63 (full 5):
 PSYoungGen      total 394752K, used 394456K [0x00000000e0000000, 0x0000000100000000, 0x0000000100000000)
  eden space 329728K, 100% used [0x00000000e0000000,0x00000000f4200000,0x00000000f4200000)
  from space 65024K, 99% used [0x00000000f4200000,0x00000000f8136148,0x00000000f8180000)
  to   space 100864K, 0% used [0x00000000f9d80000,0x00000000f9d80000,0x0000000100000000)
 ParOldGen       total 446464K, used 405811K [0x00000000a0000000, 0x00000000bb400000, 0x00000000e0000000)
  object space 446464K, 90% used [0x00000000a0000000,0x00000000b8c4cd68,0x00000000bb400000)
 Metaspace       used 82810K, capacity 87374K, committed 87384K, reserved 1124352K
  class space    used 10536K, capacity 11638K, committed 11648K, reserved 1048576K
Event: 126.422 GC heap after
Heap after GC invocations=63 (full 5):
 PSYoungGen      total 424960K, used 54888K [0x00000000e0000000, 0x0000000100000000, 0x0000000100000000)
  eden space 324096K, 0% used [0x00000000e0000000,0x00000000e0000000,0x00000000f3c80000)
  from space 100864K, 54% used [0x00000000f9d80000,0x00000000fd31a0b0,0x0000000100000000)
  to   space 99328K, 0% used [0x00000000f3c80000,0x00000000f3c80000,0x00000000f9d80000)
 ParOldGen       total 446464K, used 419516K [0x00000000a0000000, 0x00000000bb400000, 0x00000000e0000000)
  object space 446464K, 93% used [0x00000000a0000000,0x00000000b99af188,0x00000000bb400000)
 Metaspace       used 82810K, capacity 87374K, committed 87384K, reserved 1124352K
  class space    used 10536K, capacity 11638K, committed 11648K, reserved 1048576K
}
Event: 128.020 GC heap before
{Heap before GC invocations=64 (full 5):
 PSYoungGen      total 424960K, used 378984K [0x00000000e0000000, 0x0000000100000000, 0x0000000100000000)
  eden space 324096K, 100% used [0x00000000e0000000,0x00000000f3c80000,0x00000000f3c80000)
  from space 100864K, 54% used [0x00000000f9d80000,0x00000000fd31a0b0,0x0000000100000000)
  to   space 99328K, 0% used [0x00000000f3c80000,0x00000000f3c80000,0x00000000f9d80000)
 ParOldGen       total 446464K, used 419516K [0x00000000a0000000, 0x00000000bb400000, 0x00000000e0000000)
  object space 446464K, 93% used [0x00000000a0000000,0x00000000b99af188,0x00000000bb400000)
 Metaspace       used 82820K, capacity 87374K, committed 87384K, reserved 1124352K
  class space    used 10537K, capacity 11638K, committed 11648K, reserved 1048576K
Event: 128.161 GC heap after
Heap after GC invocations=64 (full 5):
 PSYoungGen      total 374272K, used 50072K [0x00000000e0000000, 0x00000000ff880000, 0x0000000100000000)
  eden space 324096K, 0% used [0x00000000e0000000,0x00000000e0000000,0x00000000f3c80000)
  from space 50176K, 99% used [0x00000000f3c80000,0x00000000f6d660e0,0x00000000f6d80000)
  to   space 96256K, 0% used [0x00000000f9a80000,0x00000000f9a80000,0x00000000ff880000)
 ParOldGen       total 446464K, used 427492K [0x00000000a0000000, 0x00000000bb400000, 0x00000000e0000000)
  object space 446464K, 95% used [0x00000000a0000000,0x00000000ba179188,0x00000000bb400000)
 Metaspace       used 82820K, capacity 87374K, committed 87384K, reserved 1124352K
  class space    used 10537K, capacity 11638K, committed 11648K, reserved 1048576K
}
Event: 129.779 GC heap before
{Heap before GC invocations=65 (full 5):
 PSYoungGen      total 374272K, used 374168K [0x00000000e0000000, 0x00000000ff880000, 0x0000000100000000)
  eden space 324096K, 100% used [0x00000000e0000000,0x00000000f3c80000,0x00000000f3c80000)
  from space 50176K, 99% used [0x00000000f3c80000,0x00000000f6d660e0,0x00000000f6d80000)
  to   space 96256K, 0% used [0x00000000f9a80000,0x00000000f9a80000,0x00000000ff880000)
 ParOldGen       total 446464K, used 427492K [0x00000000a0000000, 0x00000000bb400000, 0x00000000e0000000)
  object space 446464K, 95% used [0x00000000a0000000,0x00000000ba179188,0x00000000bb400000)
 Metaspace       used 82825K, capacity 87374K, committed 87384K, reserved 1124352K
  class space    used 10538K, capacity 11638K, committed 11648K, reserved 1048576K
Event: 129.948 GC heap after
Heap after GC invocations=65 (full 5):
 PSYoungGen      total 425472K, used 45048K [0x00000000e0000000, 0x0000000100000000, 0x0000000100000000)
  eden space 329216K, 0% used [0x00000000e0000000,0x00000000e0000000,0x00000000f4180000)
  from space 96256K, 46% used [0x00000000f9a80000,0x00000000fc67e0e0,0x00000000ff880000)
  to   space 91136K, 0% used [0x00000000f4180000,0x00000000f4180000,0x00000000f9a80000)
 ParOldGen       total 446464K, used 434100K [0x00000000a0000000, 0x00000000bb400000, 0x00000000e0000000)
  object space 446464K, 97% used [0x00000000a0000000,0x00000000ba7ed188,0x00000000bb400000)
 Metaspace       used 82825K, capacity 87374K, committed 87384K, reserved 1124352K
  class space    used 10538K, capacity 11638K, committed 11648K, reserved 1048576K
}
Event: 129.948 GC heap before
{Heap before GC invocations=66 (full 6):
 PSYoungGen      total 425472K, used 45048K [0x00000000e0000000, 0x0000000100000000, 0x0000000100000000)
  eden space 329216K, 0% used [0x00000000e0000000,0x00000000e0000000,0x00000000f4180000)
  from space 96256K, 46% used [0x00000000f9a80000,0x00000000fc67e0e0,0x00000000ff880000)
  to   space 91136K, 0% used [0x00000000f4180000,0x00000000f4180000,0x00000000f9a80000)
 ParOldGen       total 446464K, used 434100K [0x00000000a0000000, 0x00000000bb400000, 0x00000000e0000000)
  object space 446464K, 97% used [0x00000000a0000000,0x00000000ba7ed188,0x00000000bb400000)
 Metaspace       used 82825K, capacity 87374K, committed 87384K, reserved 1124352K
  class space    used 10538K, capacity 11638K, committed 11648K, reserved 1048576K

