# JRE version: OpenJDK Runtime Environment (8.0_152-b01) (build 1.8.0_152-release-1024-b01)
# Java VM: OpenJDK 64-Bit Server VM (25.152-b01 mixed mode linux-amd64 compressed oops)
Heap:
 PSYoungGen      total 382976K, used 0K [0x00000000e0000000, 0x0000000100000000, 0x0000000100000000)
  eden space 258560K, 0% used [0x00000000e0000000,0x00000000e0000000,0x00000000efc80000)
  from space 124416K, 0% used [0x00000000f7880000,0x00000000f7880000,0x00000000ff200000)
  to   space 126976K, 0% used [0x00000000efc80000,0x00000000efc80000,0x00000000f7880000)
 ParOldGen       total 499200K, used 493327K [0x00000000a0000000, 0x00000000be780000, 0x00000000e0000000)
  object space 499200K, 98% used [0x00000000a0000000,0x00000000be1c3c98,0x00000000be780000)
 Metaspace       used 117028K, capacity 124450K, committed 124544K, reserved 1157120K
  class space    used 14709K, capacity 16422K, committed 16512K, reserved 1048576K
GC Heap History (10 events):
Event: 416.679 GC heap after
Heap after GC invocations=68 (full 8):
 PSYoungGen      total 366080K, used 0K [0x00000000e0000000, 0x0000000100000000, 0x0000000100000000)
  eden space 284672K, 0% used [0x00000000e0000000,0x00000000e0000000,0x00000000f1600000)
  from space 81408K, 0% used [0x00000000fb080000,0x00000000fb080000,0x0000000100000000)
  to   space 119808K, 0% used [0x00000000f1600000,0x00000000f1600000,0x00000000f8b00000)
 ParOldGen       total 499200K, used 294290K [0x00000000a0000000, 0x00000000be780000, 0x00000000e0000000)
  object space 499200K, 58% used [0x00000000a0000000,0x00000000b1f64b98,0x00000000be780000)
 Metaspace       used 112917K, capacity 120112K, committed 120320K, reserved 1153024K
  class space    used 14194K, capacity 15815K, committed 15872K, reserved 1048576K
}
Event: 955.343 GC heap before
{Heap before GC invocations=69 (full 8):
 PSYoungGen      total 366080K, used 284672K [0x00000000e0000000, 0x0000000100000000, 0x0000000100000000)
  eden space 284672K, 100% used [0x00000000e0000000,0x00000000f1600000,0x00000000f1600000)
  from space 81408K, 0% used [0x00000000fb080000,0x00000000fb080000,0x0000000100000000)
  to   space 119808K, 0% used [0x00000000f1600000,0x00000000f1600000,0x00000000f8b00000)
 ParOldGen       total 499200K, used 294290K [0x00000000a0000000, 0x00000000be780000, 0x00000000e0000000)
  object space 499200K, 58% used [0x00000000a0000000,0x00000000b1f64b98,0x00000000be780000)
 Metaspace       used 116034K, capacity 123186K, committed 123392K, reserved 1157120K
  class space    used 14606K, capacity 16262K, committed 16384K, reserved 1048576K
Event: 955.523 GC heap after
Heap after GC invocations=69 (full 8):
 PSYoungGen      total 394240K, used 109166K [0x00000000e0000000, 0x0000000100000000, 0x0000000100000000)
  eden space 284672K, 0% used [0x00000000e0000000,0x00000000e0000000,0x00000000f1600000)
  from space 109568K, 99% used [0x00000000f1600000,0x00000000f809bb10,0x00000000f8100000)
  to   space 130048K, 0% used [0x00000000f8100000,0x00000000f8100000,0x0000000100000000)
 ParOldGen       total 499200K, used 294298K [0x00000000a0000000, 0x00000000be780000, 0x00000000e0000000)
  object space 499200K, 58% used [0x00000000a0000000,0x00000000b1f66b98,0x00000000be780000)
 Metaspace       used 116034K, capacity 123186K, committed 123392K, reserved 1157120K
  class space    used 14606K, capacity 16262K, committed 16384K, reserved 1048576K
}
Event: 959.765 GC heap before
{Heap before GC invocations=70 (full 8):
 PSYoungGen      total 394240K, used 393838K [0x00000000e0000000, 0x0000000100000000, 0x0000000100000000)
  eden space 284672K, 100% used [0x00000000e0000000,0x00000000f1600000,0x00000000f1600000)
  from space 109568K, 99% used [0x00000000f1600000,0x00000000f809bb10,0x00000000f8100000)
  to   space 130048K, 0% used [0x00000000f8100000,0x00000000f8100000,0x0000000100000000)
 ParOldGen       total 499200K, used 294298K [0x00000000a0000000, 0x00000000be780000, 0x00000000e0000000)
  object space 499200K, 58% used [0x00000000a0000000,0x00000000b1f66b98,0x00000000be780000)
 Metaspace       used 116639K, capacity 123978K, committed 124160K, reserved 1157120K
  class space    used 14666K, capacity 16348K, committed 16384K, reserved 1048576K
Event: 960.106 GC heap after
Heap after GC invocations=70 (full 8):
 PSYoungGen      total 388096K, used 20116K [0x00000000e0000000, 0x0000000100000000, 0x0000000100000000)
  eden space 258048K, 0% used [0x00000000e0000000,0x00000000e0000000,0x00000000efc00000)
  from space 130048K, 15% used [0x00000000f8100000,0x00000000f94a51b0,0x0000000100000000)
  to   space 133120K, 0% used [0x00000000efc00000,0x00000000efc00000,0x00000000f7e00000)
 ParOldGen       total 499200K, used 400953K [0x00000000a0000000, 0x00000000be780000, 0x00000000e0000000)
  object space 499200K, 80% used [0x00000000a0000000,0x00000000b878e408,0x00000000be780000)
 Metaspace       used 116639K, capacity 123978K, committed 124160K, reserved 1157120K
  class space    used 14666K, capacity 16348K, committed 16384K, reserved 1048576K
}
Event: 966.340 GC heap before
{Heap before GC invocations=71 (full 8):
 PSYoungGen      total 388096K, used 278164K [0x00000000e0000000, 0x0000000100000000, 0x0000000100000000)
  eden space 258048K, 100% used [0x00000000e0000000,0x00000000efc00000,0x00000000efc00000)
  from space 130048K, 15% used [0x00000000f8100000,0x00000000f94a51b0,0x0000000100000000)
  to   space 133120K, 0% used [0x00000000efc00000,0x00000000efc00000,0x00000000f7e00000)
 ParOldGen       total 499200K, used 400953K [0x00000000a0000000, 0x00000000be780000, 0x00000000e0000000)
  object space 499200K, 80% used [0x00000000a0000000,0x00000000b878e408,0x00000000be780000)
 Metaspace       used 116681K, capacity 124054K, committed 124160K, reserved 1157120K
  class space    used 14668K, capacity 16350K, committed 16384K, reserved 1048576K
Event: 966.453 GC heap after
Heap after GC invocations=71 (full 8):
 PSYoungGen      total 302080K, used 43850K [0x00000000e0000000, 0x00000000ff200000, 0x0000000100000000)
  eden space 258048K, 0% used [0x00000000e0000000,0x00000000e0000000,0x00000000efc00000)
  from space 44032K, 99% used [0x00000000efc00000,0x00000000f26d2980,0x00000000f2700000)
  to   space 124416K, 0% used [0x00000000f7880000,0x00000000f7880000,0x00000000ff200000)
 ParOldGen       total 499200K, used 419741K [0x00000000a0000000, 0x00000000be780000, 0x00000000e0000000)
  object space 499200K, 84% used [0x00000000a0000000,0x00000000b99e7438,0x00000000be780000)
 Metaspace       used 116681K, capacity 124054K, committed 124160K, reserved 1157120K
  class space    used 14668K, capacity 16350K, committed 16384K, reserved 1048576K
}
Event: 968.073 GC heap before
{Heap before GC invocations=72 (full 8):
 PSYoungGen      total 302080K, used 301898K [0x00000000e0000000, 0x00000000ff200000, 0x0000000100000000)
  eden space 258048K, 100% used [0x00000000e0000000,0x00000000efc00000,0x00000000efc00000)
  from space 44032K, 99% used [0x00000000efc00000,0x00000000f26d2980,0x00000000f2700000)
  to   space 124416K, 0% used [0x00000000f7880000,0x00000000f7880000,0x00000000ff200000)
 ParOldGen       total 499200K, used 419741K [0x00000000a0000000, 0x00000000be780000, 0x00000000e0000000)
  object space 499200K, 84% used [0x00000000a0000000,0x00000000b99e7438,0x00000000be780000)
 Metaspace       used 117028K, capacity 124450K, committed 124544K, reserved 1157120K
  class space    used 14709K, capacity 16422K, committed 16512K, reserved 1048576K
Event: 968.232 GC heap after
Heap after GC invocations=72 (full 8):
 PSYoungGen      total 382976K, used 71959K [0x00000000e0000000, 0x0000000100000000, 0x0000000100000000)
  eden space 258560K, 0% used [0x00000000e0000000,0x00000000e0000000,0x00000000efc80000)
  from space 124416K, 57% used [0x00000000f7880000,0x00000000fbec5de0,0x00000000ff200000)
  to   space 126976K, 0% used [0x00000000efc80000,0x00000000efc80000,0x00000000f7880000)
 ParOldGen       total 499200K, used 462365K [0x00000000a0000000, 0x00000000be780000, 0x00000000e0000000)
  object space 499200K, 92% used [0x00000000a0000000,0x00000000bc3877e0,0x00000000be780000)
 Metaspace       used 117028K, capacity 124450K, committed 124544K, reserved 1157120K
  class space    used 14709K, capacity 16422K, committed 16512K, reserved 1048576K
}
Event: 968.236 GC heap before
{Heap before GC invocations=73 (full 9):
 PSYoungGen      total 382976K, used 71959K [0x00000000e0000000, 0x0000000100000000, 0x0000000100000000)
  eden space 258560K, 0% used [0x00000000e0000000,0x00000000e0000000,0x00000000efc80000)
  from space 124416K, 57% used [0x00000000f7880000,0x00000000fbec5de0,0x00000000ff200000)
  to   space 126976K, 0% used [0x00000000efc80000,0x00000000efc80000,0x00000000f7880000)
 ParOldGen       total 499200K, used 462365K [0x00000000a0000000, 0x00000000be780000, 0x00000000e0000000)
  object space 499200K, 92% used [0x00000000a0000000,0x00000000bc3877e0,0x00000000be780000)
 Metaspace       used 117028K, capacity 124450K, committed 124544K, reserved 1157120K
  class space    used 14709K, capacity 16422K, committed 16512K, reserved 1048576K

