# JRE version: OpenJDK Runtime Environment (8.0_152-b01) (build 1.8.0_152-release-1024-b01)
# Java VM: OpenJDK 64-Bit Server VM (25.152-b01 mixed mode linux-amd64 compressed oops)
Heap:
 PSYoungGen      total 349696K, used 0K [0x00000000e0000000, 0x0000000100000000, 0x0000000100000000)
  eden space 175104K, 0% used [0x00000000e0000000,0x00000000e0000000,0x00000000eab00000)
  from space 174592K, 0% used [0x00000000f5580000,0x00000000f5580000,0x0000000100000000)
  to   space 174592K, 0% used [0x00000000eab00000,0x00000000eab00000,0x00000000f5580000)
 ParOldGen       total 702464K, used 618307K [0x00000000a0000000, 0x00000000cae00000, 0x00000000e0000000)
  object space 702464K, 88% used [0x00000000a0000000,0x00000000c5bd0d08,0x00000000cae00000)
 Metaspace       used 84318K, capacity 89638K, committed 89816K, reserved 1126400K
  class space    used 10788K, capacity 11972K, committed 12032K, reserved 1048576K
GC Heap History (10 events):
Event: 85.506 GC heap after
Heap after GC invocations=30 (full 5):
 PSYoungGen      total 350720K, used 173537K [0x00000000e0000000, 0x0000000100000000, 0x0000000100000000)
  eden space 177152K, 0% used [0x00000000e0000000,0x00000000e0000000,0x00000000ead00000)
  from space 173568K, 99% used [0x00000000ead00000,0x00000000f5678580,0x00000000f5680000)
  to   space 173568K, 0% used [0x00000000f5680000,0x00000000f5680000,0x0000000100000000)
 ParOldGen       total 476160K, used 392839K [0x00000000a0000000, 0x00000000bd100000, 0x00000000e0000000)
  object space 476160K, 82% used [0x00000000a0000000,0x00000000b7fa1f68,0x00000000bd100000)
 Metaspace       used 84215K, capacity 89510K, committed 89816K, reserved 1126400K
  class space    used 10788K, capacity 11972K, committed 12032K, reserved 1048576K
}
Event: 86.902 GC heap before
{Heap before GC invocations=31 (full 5):
 PSYoungGen      total 350720K, used 350689K [0x00000000e0000000, 0x0000000100000000, 0x0000000100000000)
  eden space 177152K, 100% used [0x00000000e0000000,0x00000000ead00000,0x00000000ead00000)
  from space 173568K, 99% used [0x00000000ead00000,0x00000000f5678580,0x00000000f5680000)
  to   space 173568K, 0% used [0x00000000f5680000,0x00000000f5680000,0x0000000100000000)
 ParOldGen       total 476160K, used 392839K [0x00000000a0000000, 0x00000000bd100000, 0x00000000e0000000)
  object space 476160K, 82% used [0x00000000a0000000,0x00000000b7fa1f68,0x00000000bd100000)
 Metaspace       used 84217K, capacity 89510K, committed 89816K, reserved 1126400K
  class space    used 10788K, capacity 11972K, committed 12032K, reserved 1048576K
Event: 87.189 GC heap after
Heap after GC invocations=31 (full 5):
 PSYoungGen      total 348672K, used 173542K [0x00000000e0000000, 0x0000000100000000, 0x0000000100000000)
  eden space 175104K, 0% used [0x00000000e0000000,0x00000000e0000000,0x00000000eab00000)
  from space 173568K, 99% used [0x00000000f5680000,0x00000000ffff9a60,0x0000000100000000)
  to   space 174592K, 0% used [0x00000000eab00000,0x00000000eab00000,0x00000000f5580000)
 ParOldGen       total 476160K, used 445800K [0x00000000a0000000, 0x00000000bd100000, 0x00000000e0000000)
  object space 476160K, 93% used [0x00000000a0000000,0x00000000bb35a190,0x00000000bd100000)
 Metaspace       used 84217K, capacity 89510K, committed 89816K, reserved 1126400K
  class space    used 10788K, capacity 11972K, committed 12032K, reserved 1048576K
}
Event: 87.189 GC heap before
{Heap before GC invocations=32 (full 6):
 PSYoungGen      total 348672K, used 173542K [0x00000000e0000000, 0x0000000100000000, 0x0000000100000000)
  eden space 175104K, 0% used [0x00000000e0000000,0x00000000e0000000,0x00000000eab00000)
  from space 173568K, 99% used [0x00000000f5680000,0x00000000ffff9a60,0x0000000100000000)
  to   space 174592K, 0% used [0x00000000eab00000,0x00000000eab00000,0x00000000f5580000)
 ParOldGen       total 476160K, used 445800K [0x00000000a0000000, 0x00000000bd100000, 0x00000000e0000000)
  object space 476160K, 93% used [0x00000000a0000000,0x00000000bb35a190,0x00000000bd100000)
 Metaspace       used 84217K, capacity 89510K, committed 89816K, reserved 1126400K
  class space    used 10788K, capacity 11972K, committed 12032K, reserved 1048576K
Event: 91.752 GC heap after
Heap after GC invocations=32 (full 6):
 PSYoungGen      total 348672K, used 110747K [0x00000000e0000000, 0x0000000100000000, 0x0000000100000000)
  eden space 175104K, 0% used [0x00000000e0000000,0x00000000e0000000,0x00000000eab00000)
  from space 173568K, 63% used [0x00000000f5680000,0x00000000fc2a6db0,0x0000000100000000)
  to   space 174592K, 0% used [0x00000000eab00000,0x00000000eab00000,0x00000000f5580000)
 ParOldGen       total 702464K, used 476145K [0x00000000a0000000, 0x00000000cae00000, 0x00000000e0000000)
  object space 702464K, 67% used [0x00000000a0000000,0x00000000bd0fc7e0,0x00000000cae00000)
 Metaspace       used 84217K, capacity 89510K, committed 89816K, reserved 1126400K
  class space    used 10788K, capacity 11972K, committed 12032K, reserved 1048576K
}
Event: 95.247 GC heap before
{Heap before GC invocations=33 (full 6):
 PSYoungGen      total 348672K, used 285851K [0x00000000e0000000, 0x0000000100000000, 0x0000000100000000)
  eden space 175104K, 100% used [0x00000000e0000000,0x00000000eab00000,0x00000000eab00000)
  from space 173568K, 63% used [0x00000000f5680000,0x00000000fc2a6db0,0x0000000100000000)
  to   space 174592K, 0% used [0x00000000eab00000,0x00000000eab00000,0x00000000f5580000)
 ParOldGen       total 702464K, used 476145K [0x00000000a0000000, 0x00000000cae00000, 0x00000000e0000000)
  object space 702464K, 67% used [0x00000000a0000000,0x00000000bd0fc7e0,0x00000000cae00000)
 Metaspace       used 84292K, capacity 89638K, committed 89816K, reserved 1126400K
  class space    used 10788K, capacity 11972K, committed 12032K, reserved 1048576K
Event: 95.609 GC heap after
Heap after GC invocations=33 (full 6):
 PSYoungGen      total 349696K, used 84540K [0x00000000e0000000, 0x0000000100000000, 0x0000000100000000)
  eden space 175104K, 0% used [0x00000000e0000000,0x00000000e0000000,0x00000000eab00000)
  from space 174592K, 48% used [0x00000000eab00000,0x00000000efd8f030,0x00000000f5580000)
  to   space 174592K, 0% used [0x00000000f5580000,0x00000000f5580000,0x0000000100000000)
 ParOldGen       total 702464K, used 528792K [0x00000000a0000000, 0x00000000cae00000, 0x00000000e0000000)
  object space 702464K, 75% used [0x00000000a0000000,0x00000000c0466110,0x00000000cae00000)
 Metaspace       used 84292K, capacity 89638K, committed 89816K, reserved 1126400K
  class space    used 10788K, capacity 11972K, committed 12032K, reserved 1048576K
}
Event: 98.329 GC heap before
{Heap before GC invocations=34 (full 6):
 PSYoungGen      total 349696K, used 259644K [0x00000000e0000000, 0x0000000100000000, 0x0000000100000000)
  eden space 175104K, 100% used [0x00000000e0000000,0x00000000eab00000,0x00000000eab00000)
  from space 174592K, 48% used [0x00000000eab00000,0x00000000efd8f030,0x00000000f5580000)
  to   space 174592K, 0% used [0x00000000f5580000,0x00000000f5580000,0x0000000100000000)
 ParOldGen       total 702464K, used 528792K [0x00000000a0000000, 0x00000000cae00000, 0x00000000e0000000)
  object space 702464K, 75% used [0x00000000a0000000,0x00000000c0466110,0x00000000cae00000)
 Metaspace       used 84318K, capacity 89638K, committed 89816K, reserved 1126400K
  class space    used 10788K, capacity 11972K, committed 12032K, reserved 1048576K
Event: 98.665 GC heap after
Heap after GC invocations=34 (full 6):
 PSYoungGen      total 349696K, used 8507K [0x00000000e0000000, 0x0000000100000000, 0x0000000100000000)
  eden space 175104K, 0% used [0x00000000e0000000,0x00000000e0000000,0x00000000eab00000)
  from space 174592K, 4% used [0x00000000f5580000,0x00000000f5dcee88,0x0000000100000000)
  to   space 174592K, 0% used [0x00000000eab00000,0x00000000eab00000,0x00000000f5580000)
 ParOldGen       total 702464K, used 612120K [0x00000000a0000000, 0x00000000cae00000, 0x00000000e0000000)
  object space 702464K, 87% used [0x00000000a0000000,0x00000000c55c6278,0x00000000cae00000)
 Metaspace       used 84318K, capacity 89638K, committed 89816K, reserved 1126400K
  class space    used 10788K, capacity 11972K, committed 12032K, reserved 1048576K
}
Event: 98.665 GC heap before
{Heap before GC invocations=35 (full 7):
 PSYoungGen      total 349696K, used 8507K [0x00000000e0000000, 0x0000000100000000, 0x0000000100000000)
  eden space 175104K, 0% used [0x00000000e0000000,0x00000000e0000000,0x00000000eab00000)
  from space 174592K, 4% used [0x00000000f5580000,0x00000000f5dcee88,0x0000000100000000)
  to   space 174592K, 0% used [0x00000000eab00000,0x00000000eab00000,0x00000000f5580000)
 ParOldGen       total 702464K, used 612120K [0x00000000a0000000, 0x00000000cae00000, 0x00000000e0000000)
  object space 702464K, 87% used [0x00000000a0000000,0x00000000c55c6278,0x00000000cae00000)
 Metaspace       used 84318K, capacity 89638K, committed 89816K, reserved 1126400K
  class space    used 10788K, capacity 11972K, committed 12032K, reserved 1048576K

